<?xml version="1.0" encoding="UTF-8"?>
<testng-results skipped="0" failed="0" ignored="0" total="1" passed="1">
  <reporter-output>
  </reporter-output>
  <suite name="Default suite" duration-ms="18160" started-at="2018-10-31T01:05:25Z" finished-at="2018-10-31T01:05:43Z">
    <groups>
    </groups>
    <test name="Default test" duration-ms="18160" started-at="2018-10-31T01:05:25Z" finished-at="2018-10-31T01:05:43Z">
      <class name="SeleniumTesting.ForgotPassword">
        <test-method status="PASS" signature="basePageNavigation()[pri:0, instance:SeleniumTesting.ForgotPassword@368f2016]" name="basePageNavigation" is-config="true" duration-ms="11526" started-at="2018-10-31T01:05:25Z" finished-at="2018-10-31T01:05:36Z">
          <reporter-output>
          </reporter-output>
        </test-method> <!-- basePageNavigation -->
        <test-method status="PASS" signature="Register(java.lang.String)[pri:0, instance:SeleniumTesting.ForgotPassword@368f2016]" name="Register" duration-ms="4332" started-at="2018-10-31T01:05:37Z" data-provider="Forgotpass" finished-at="2018-10-31T01:05:41Z">
          <params>
            <param index="0">
              <value>
                <![CDATA[harsha@gmail.comm]]>
              </value>
            </param>
          </params>
          <reporter-output>
          </reporter-output>
        </test-method> <!-- Register -->
        <test-method status="PASS" signature="teardown()[pri:0, instance:SeleniumTesting.ForgotPassword@368f2016]" name="teardown" is-config="true" duration-ms="1762" started-at="2018-10-31T01:05:41Z" finished-at="2018-10-31T01:05:43Z">
          <reporter-output>
          </reporter-output>
        </test-method> <!-- teardown -->
      </class> <!-- SeleniumTesting.ForgotPassword -->
    </test> <!-- Default test -->
  </suite> <!-- Default suite -->
</testng-results>
