<?xml version="1.0" encoding="UTF-8"?>
<!-- Generated by org.testng.reporters.JUnitXMLReporter -->
<testsuite hostname="DESKTOP-1C7TUAO" ignored="0" name="validating assertion code" tests="1" failures="1" timestamp="27 Oct 2018 23:25:00 GMT" time="13.381" errors="0">
  <testcase name="titleValidation" time="0.057" classname="SeleniumTesting.AssertionsCode">
    <failure type="java.lang.AssertionError" message="expected [Automations Practice Website] but found [Automation Practice Website]">
      <![CDATA[java.lang.AssertionError: expected [Automations Practice Website] but found [Automation Practice Website]
at SeleniumTesting.AssertionsCode.titleValidation(AssertionsCode.java:31)
... Removed 31 stack frames]]>
    </failure>
  </testcase> <!-- titleValidation -->
</testsuite> <!-- validating assertion code -->
