<?xml version="1.0" encoding="UTF-8"?>
<testsuite xmlns:xsi="http://www.w3.org/2001/XMLSchema-instance" xsi:noNamespaceSchemaLocation="https://maven.apache.org/surefire/maven-surefire-plugin/xsd/surefire-test-report.xsd" name="TestSuite" time="30.916" tests="2" errors="0" skipped="0" failures="1">
  <properties>
[...]
</properties>
  <testcase name="titleValidation" classname="SeleniumTesting.AssertionsCode" time="1.338">
    <failure message="expected [Automations Practice Website] but found [Automation Practice Website]" type="java.lang.AssertionError">java.lang.AssertionError: expected [Automations Practice Website] but found [Automation Practice Website]
	at SeleniumTesting.AssertionsCode.titleValidation(AssertionsCode.java:31)
</failure>
    <system-out><![CDATA[firefox
]]></system-out>
    <system-err><![CDATA[1540182700445	mozrunner::runner	INFO	Running command: "C:\\Program Files\\Mozilla Firefox\\firefox.exe" "-marionette" "-foreground" "-no-remote" "-profile" "C:\\Users\\Harsha\\AppData\\Local\\Temp\\rust_mozprofile.UZ1gZjnv8YAj"
1540182702317	Marionette	INFO	Listening on port 54029
1540182702563	Marionette	WARN	TLS certificate errors will be ignored for this session
1540182702604	Marionette	DEBUG	[6442450945] Frame script loaded
1540182702607	Marionette	DEBUG	[6442450945] Frame script registered
Oct 21, 2018 11:31:42 PM org.openqa.selenium.remote.ProtocolHandshake createSession
INFO: Detected dialect: W3C
1540182706228	Marionette	DEBUG	[6442450945] Received DOM event beforeunload for about:blank
1540182706733	Marionette	DEBUG	[6442450945] Received DOM event pagehide for about:blank
1540182707872	Marionette	DEBUG	[6442450945] Received DOM event DOMContentLoaded for http://automationpractice.com/index.php
1540182709070	Marionette	DEBUG	[6442450945] Received DOM event pageshow for http://automationpractice.com/index.php
]]></system-err>
  </testcase>
  <testcase name="signIn" classname="SeleniumTesting.LoginTest" time="3.627"/>
</testsuite>